The code is running. Please wait.....
 
The mean results over 20 repeated runs:

       CityMPG+    HighwayMPG+    Weight-    Class-
-----  ----------  -------------  ---------  --------
all    24.64       32.01          3380.19    21.45
sway   26.26       31.93          2679.82    14.05
xpln   24.055      30.535         2887.6     16.87
sway2  25.08       32.245         3179.94    20.255
xpln2  24.79       32.63          3323.12    20.955
top    24.805      30.83          2789.25    14.815

Table shows the CONJUNCTION of a effect size test and a significance test that compares 20  results to 20 results from some other treatment
 
                CityMPG+    HighwayMPG+    Weight-    Class-
--------------  ----------  -------------  ---------  --------
all to all      =           =              =          =
all to sway     ≠           ≠              ≠          ≠
all to sway2    ≠           ≠              ≠          ≠
sway to sway2   ≠           ≠              ≠          ≠
sway to xpln    ≠           ≠              ≠          ≠
sway2 to xpln2  ≠           ≠              ≠          ≠
sway to top     ≠           ≠              ≠          ≠


Scott-Knott for Objective:  CityMPG+ 

Printing temp: [{'name': 'all', 'rank': 0, 'n': 22, 'show': '', 'has': [22.4, 22.4, 22.4, 22.4, 22.4, 22.4, 22.4, 22.4, 22.4, 22.4, 22.4, 22.4, 22.4, 22.4, 22.4, 22.4, 22.4, 22.4, 22.4, 22.4, 22.4, 22.4]}, {'name': 'sway', 'rank': 0, 'n': 20, 'show': '', 'has': [19.8, 20.0, 20.7, 21.3, 22.6, 22.9, 23.0, 25.2, 25.4, 26.2, 26.5, 26.5, 28.3, 29.0, 29.9, 30.4, 31.0, 31.6, 32.4, 32.5]}, {'name': 'xpln', 'rank': 0, 'n': 20, 'show': '', 'has': [19.1, 20.5, 21.0, 21.0, 21.0, 21.0, 21.0, 21.0, 21.3, 22.7, 23.9, 23.9, 23.9, 24.2, 24.2, 29.9, 29.9, 30.3, 30.3, 31.0]}, {'name': 'sway2', 'rank': 0, 'n': 22, 'show': '', 'has': [19.4, 19.9, 19.9, 21.0, 21.0, 21.0, 21.3, 21.8, 21.9, 21.9, 22.1, 22.1, 23.8, 24.1, 24.2, 24.6, 24.7, 24.7, 25.0, 25.1, 25.3, 26.8]}, {'name': 'xpln2', 'rank': 0, 'n': 22, 'show': '', 'has': [19.0, 19.0, 19.3, 19.8, 20.0, 20.5, 20.8, 21.0, 21.2, 21.3, 21.5, 22.4, 22.7, 23.0, 23.9, 24.2, 24.5, 25.5, 25.5, 26.2, 26.5, 28.0]}, {'name': 'top', 'rank': 0, 'n': 20, 'show': '', 'has': [19.0, 19.5, 19.8, 20.0, 21.5, 21.8, 22.0, 22.5, 24.5, 25.2, 25.3, 25.6, 25.6, 27.2, 27.8, 28.5, 28.5, 29.8, 30.2, 31.8]}]
all 1           *         |                    {  22.40,  22.40,  22.40,  22.40,  22.40 }
xpln2 1  ----     *    -----|                    {  19.30,  20.80,  22.40,  24.20,  26.20 }
sway2 1   ----   *      --  |                    {  19.90,  21.30,  22.10,  24.60,  25.10 }
xpln 2               *-----|------------        {  21.00,  21.00,  23.90,  24.20,  30.30 }
top 3   ------          * |     -------        {  19.80,  22.00,  25.30,  27.80,  30.20 }
sway 3      ------         | *         -------  {  20.70,  23.00,  26.50,  29.90,  32.40 }

Scott-Knott for Objective:  HighwayMPG+ 

Printing temp: [{'name': 'all', 'rank': 0, 'n': 22, 'show': '', 'has': [29.1, 29.1, 29.1, 29.1, 29.1, 29.1, 29.1, 29.1, 29.1, 29.1, 29.1, 29.1, 29.1, 29.1, 29.1, 29.1, 29.1, 29.1, 29.1, 29.1, 29.1, 29.1]}, {'name': 'sway', 'rank': 0, 'n': 20, 'show': '', 'has': [26.0, 26.4, 27.5, 27.6, 28.1, 29.1, 30.1, 30.7, 30.8, 31.7, 32.0, 32.0, 33.8, 34.3, 34.4, 36.4, 36.4, 37.0, 37.0, 37.3]}, {'name': 'xpln', 'rank': 0, 'n': 20, 'show': '', 'has': [26.6, 27.8, 28.1, 28.1, 28.1, 28.1, 28.1, 28.1, 28.3, 29.9, 30.1, 30.1, 30.1, 30.6, 30.6, 35.0, 35.0, 35.5, 35.5, 37.0]}, {'name': 'sway2', 'rank': 0, 'n': 22, 'show': '', 'has': [26.3, 26.3, 26.6, 27.3, 28.2, 28.2, 28.4, 28.4, 28.6, 28.6, 28.7, 28.9, 29.9, 30.3, 30.6, 30.8, 30.8, 30.9, 31.1, 31.1, 32.1, 32.8]}, {'name': 'xpln2', 'rank': 0, 'n': 22, 'show': '', 'has': [26.6, 26.6, 27.1, 27.7, 27.8, 28.1, 28.1, 28.3, 28.3, 28.8, 29.3, 29.3, 29.6, 30.1, 31.1, 31.2, 31.7, 31.7, 32.0, 32.3, 33.0, 33.9]}, {'name': 'top', 'rank': 0, 'n': 20, 'show': '', 'has': [25.7, 26.0, 26.4, 26.7, 27.7, 28.5, 28.8, 29.2, 30.3, 30.4, 31.7, 31.8, 31.8, 31.8, 34.0, 34.2, 34.4, 34.8, 35.2, 37.2]}]
all 1            *        |                    {  29.10,  29.10,  29.10,  29.10,  29.10 }
sway2 1    ------  *     -  |                    {  26.60,  28.40,  28.90,  30.80,  31.10 }
xpln2 1     ----    *     --|-                   {  27.10,  28.10,  29.30,  31.20,  32.30 }
xpln 2                *----|------------        {  28.10,  28.10,  30.10,  30.60,  35.50 }
top 2   --------          *       ----         {  26.40,  28.80,  31.70,  34.00,  35.20 }
sway 2       ---------     |*        --------   {  27.50,  30.10,  32.00,  34.40,  37.00 }

Scott-Knott for Objective:  Weight- 

Printing temp: [{'name': 'all', 'rank': 0, 'n': 22, 'show': '', 'has': [3072.9, 3072.9, 3072.9, 3072.9, 3072.9, 3072.9, 3072.9, 3072.9, 3072.9, 3072.9, 3072.9, 3072.9, 3072.9, 3072.9, 3072.9, 3072.9, 3072.9, 3072.9, 3072.9, 3072.9, 3072.9, 3072.9]}, {'name': 'sway', 'rank': 0, 'n': 20, 'show': '', 'has': [2228.6, 2234.0, 2237.9, 2260.0, 2260.0, 2353.3, 2353.3, 2430.0, 2456.4, 2487.9, 2517.9, 2681.4, 2882.1, 2902.1, 2951.4, 3112.5, 3143.3, 3290.7, 3405.7, 3408.0]}, {'name': 'xpln', 'rank': 0, 'n': 20, 'show': '', 'has': [2097.5, 2260.0, 2260.0, 2312.9, 2312.9, 2812.8, 2812.8, 2918.1, 2942.3, 2942.3, 2942.3, 3145.4, 3195.3, 3195.3, 3195.3, 3195.3, 3195.3, 3195.3, 3285.9, 3535.0]}, {'name': 'sway2', 'rank': 0, 'n': 22, 'show': '', 'has': [2391.7, 2397.0, 2461.4, 2550.8, 2558.6, 2581.4, 2617.9, 2623.8, 2696.7, 2827.9, 2987.1, 3015.0, 3051.2, 3061.4, 3061.4, 3064.3, 3064.3, 3213.1, 3213.1, 3346.4, 3407.1, 3407.1]}, {'name': 'xpln2', 'rank': 0, 'n': 22, 'show': '', 'has': [2342.4, 2582.4, 2639.7, 2646.2, 2680.7, 2680.7, 2688.3, 2845.0, 2947.3, 2998.0, 3017.9, 3132.4, 3167.3, 3187.6, 3197.0, 3220.7, 3274.7, 3324.1, 3403.9, 3428.2, 3527.1, 3530.8]}, {'name': 'top', 'rank': 0, 'n': 20, 'show': '', 'has': [2317.5, 2328.3, 2331.2, 2363.8, 2373.0, 2455.0, 2455.0, 2547.0, 2583.3, 2620.0, 2630.0, 2845.8, 2984.2, 3003.3, 3028.3, 3265.0, 3318.0, 3388.3, 3459.2, 3488.8]}]
sway 1    ----    *        |  -------------     { 2237.90, 2353.30, 2517.90, 2951.40, 3405.70 }
top 1       ---     *     |    ------------    { 2331.20, 2455.00, 2630.00, 3028.30, 3459.20 }
sway2 2           ----      |    *--------       { 2461.40, 2617.90, 3015.00, 3064.30, 3346.40 }
xpln 2     --------------- |  *      ---        { 2260.00, 2812.80, 2942.30, 3195.30, 3285.90 }
all 2                     |      *             { 3072.90, 3072.90, 3072.90, 3072.90, 3072.90 }
xpln2 2                -    |       *  ------    { 2639.70, 2688.30, 3132.40, 3220.70, 3428.20 }

Scott-Knott for Objective:  Class- 

Printing temp: [{'name': 'all', 'rank': 0, 'n': 22, 'show': '', 'has': [19.5, 19.5, 19.5, 19.5, 19.5, 19.5, 19.5, 19.5, 19.5, 19.5, 19.5, 19.5, 19.5, 19.5, 19.5, 19.5, 19.5, 19.5, 19.5, 19.5, 19.5, 19.5]}, {'name': 'sway', 'rank': 0, 'n': 20, 'show': '', 'has': [9.3, 10.0, 10.0, 10.3, 10.3, 10.6, 10.6, 10.6, 11.3, 11.7, 13.6, 13.7, 14.4, 14.5, 16.3, 16.6, 17.8, 18.8, 24.4, 26.2]}, {'name': 'xpln', 'rank': 0, 'n': 20, 'show': '', 'has': [8.2, 10.2, 10.2, 12.0, 12.0, 17.2, 17.2, 18.2, 18.4, 18.6, 18.6, 18.6, 18.6, 18.6, 18.6, 18.9, 20.5, 20.5, 20.5, 21.8]}, {'name': 'sway2', 'rank': 0, 'n': 22, 'show': '', 'has': [11.3, 11.4, 11.4, 11.5, 11.5, 14.2, 14.4, 16.0, 17.4, 17.6, 18.0, 18.2, 18.9, 20.3, 21.5, 21.5, 24.1, 24.1, 24.3, 24.3, 26.6, 26.6]}, {'name': 'xpln2', 'rank': 0, 'n': 22, 'show': '', 'has': [10.9, 12.4, 12.9, 13.2, 13.8, 15.7, 16.2, 17.3, 18.0, 18.0, 18.0, 19.2, 20.6, 20.9, 21.3, 22.1, 22.3, 22.9, 24.3, 25.9, 26.3, 26.9]}, {'name': 'top', 'rank': 0, 'n': 20, 'show': '', 'has': [9.5, 10.2, 10.7, 10.7, 11.0, 11.2, 11.2, 11.2, 11.8, 12.4, 14.3, 14.6, 14.8, 15.6, 16.8, 18.0, 18.3, 19.3, 26.8, 27.9]}]
sway 1    -      *     ----|-----------         {  10.00,  10.60,  13.60,  16.30,  24.40 }
top 1      -      *    ---|----------------    {  10.70,  11.20,  14.30,  16.80,  26.80 }
sway2 2       ------        *      -----         {  11.40,  14.40,  18.20,  21.50,  24.30 }
xpln 2     --------------  |*--                 {  10.20,  17.20,  18.60,  18.60,  20.50 }
all 2                     | *                  {  19.50,  19.50,  19.50,  19.50,  19.50 }
xpln2 2          -------    | *     -------      {  12.90,  16.20,  19.20,  22.10,  25.90 }
