The code is running. Please wait.....
 
The mean results over 20 repeated runs:

       Lbs-     Acc+    Mpg+
-----  -------  ------  ------
all    3267.44  17.16   26.18
sway   2834.59  16.13   19.965
xpln   2743.62  15.82   25.42
sway2  3664.46  17.415  19.825
xpln2  3546.12  17.12   22.815
top    2861.09  15.875  19.96

Table shows the CONJUNCTION of a effect size test and a significance test that compares 20  results to 20 results from some other treatment
 
                Lbs-    Acc+    Mpg+
--------------  ------  ------  ------
all to all      =       =       =
all to sway     ≠       ≠       =
all to sway2    ≠       ≠       =
sway to sway2   ≠       ≠       ≠
sway to xpln    =       ≠       =
sway2 to xpln2  ≠       ≠       ≠
sway to top     =       =       =


Scott-Knott for Objective:  Lbs- 

xpln 1  -     *            |   --------         { 2221.20, 2319.70, 2556.30, 3361.90, 3716.50 }
sway 1        --*      ----|----                { 2555.80, 2640.00, 2666.40, 2988.10, 3410.60 }
top 1        -- *      ---|-----               { 2568.70, 2661.90, 2696.20, 3024.80, 3427.30 }
all 2                 *   |                    { 2970.40, 2970.40, 2970.40, 2970.40, 2970.40 }
xpln2 3              ----   | *   -----          { 2830.90, 3048.10, 3274.70, 3432.70, 3659.00 }
sway2 3                  -- |   * ----           { 3028.10, 3095.90, 3333.60, 3448.80, 3628.60 }

Scott-Knott for Objective:  Acc+ 

all 1                     |   *                {  15.60,  15.60,  15.60,  15.60,  15.60 }
xpln2 1                   - |     * -            {  14.70,  14.90,  15.90,  16.20,  16.30 }
sway2 1              -------|-     *   ----      {  14.00,  15.30,  16.10,  16.60,  17.30 }
top 1                     |--   *   ---        {  15.00,  15.40,  15.90,  16.50,  17.00 }
xpln 1                     |---    * ---        {  15.00,  15.60,  16.20,  16.50,  16.90 }
sway 1                     | -----  * ----      {  15.30,  16.00,  16.40,  16.60,  17.20 }

Scott-Knott for Objective:  Mpg+ 

sway2 1       -----   *     |                    {  15.00,  17.30,  18.60,  20.00,  20.00 }
sway 1                  *  |                    {  20.00,  20.00,  20.00,  20.00,  20.00 }
top 1                  *  |                    {  20.00,  20.00,  20.00,  20.00,  20.00 }
xpln2 1            ------   *---                 {  17.30,  19.70,  21.10,  21.70,  23.10 }
all 2                     |     *              {  23.80,  23.80,  23.80,  23.80,  23.80 }
xpln 2                  -  |               *    {  20.00,  20.50,  28.30,  30.10,  30.10 }
