The code is running. Please wait.....
 
The mean results over 20 repeated runs:

       N_effort-
-----  -----------
all    5133.12
sway   965.93
xpln   1911.04
sway2  2057.71
xpln2  4088.94
top    1021.61

Table shows the CONJUNCTION of a effect size test and a significance test that compares 20  results to 20 results from some other treatment
 
                N_effort-
--------------  -----------
all to all      =
all to sway     ≠
all to sway2    ≠
sway to sway2   ≠
sway to xpln    ≠
sway2 to xpln2  ≠
sway to top     =


Scott-Knott for Objective:  N_effort- 

Printing temp: [{'name': 'all', 'rank': 0, 'n': 24, 'show': '', 'has': [4277.6, 4277.6, 4277.6, 4277.6, 4277.6, 4277.6, 4277.6, 4277.6, 4277.6, 4277.6, 4277.6, 4277.6, 4277.6, 4277.6, 4277.6, 4277.6, 4277.6, 4277.6, 4277.6, 4277.6, 4277.6, 4277.6, 4277.6, 4277.6]}, {'name': 'sway', 'rank': 0, 'n': 20, 'show': '', 'has': [276.6, 352.7, 446.4, 449.0, 470.7, 500.4, 506.5, 583.9, 624.3, 624.3, 641.8, 707.0, 741.3, 972.5, 1024.2, 1144.4, 1588.6, 2025.6, 2109.7, 3528.7]}, {'name': 'xpln', 'rank': 0, 'n': 20, 'show': '', 'has': [384.5, 453.2, 579.6, 704.7, 778.4, 789.5, 1135.2, 1135.2, 1135.2, 1152.9, 1174.0, 1188.5, 2165.1, 2549.5, 2559.0, 2909.5, 3084.6, 4116.2, 4194.4, 6031.5]}, {'name': 'sway2', 'rank': 0, 'n': 24, 'show': '', 'has': [437.8, 534.8, 543.4, 626.8, 677.2, 785.4, 796.2, 836.1, 843.8, 1158.1, 1241.4, 1258.0, 1462.7, 1613.1, 1665.7, 1707.3, 2154.2, 2390.1, 2592.1, 2658.4, 2917.5, 3278.7, 4230.4, 4745.0]}, {'name': 'xpln2', 'rank': 0, 'n': 24, 'show': '', 'has': [824.1, 1237.0, 1488.7, 1571.9, 1766.6, 1960.0, 2287.2, 2401.0, 2487.4, 2526.7, 2603.6, 2611.5, 2848.1, 3088.9, 3110.2, 3246.4, 3487.4, 3555.4, 3831.5, 5768.8, 6055.4, 6872.5, 7820.1, 8328.4]}, {'name': 'top', 'rank': 0, 'n': 20, 'show': '', 'has': [294.1, 375.7, 465.6, 476.9, 490.4, 522.9, 533.5, 620.7, 663.8, 666.6, 673.2, 743.8, 784.3, 1016.8, 1087.4, 1204.9, 1673.9, 2129.3, 2226.6, 3781.8]}]
sway 1  * ------           |                    { 446.40, 506.50, 641.80, 1024.20, 2109.70 }
top 1  *  -----           |                    { 465.60, 533.50, 673.20, 1087.40, 2226.60 }
xpln 2  ---*      -------- |                    { 579.60, 1135.20, 1174.00, 2559.00, 4194.40 }
sway2 3  -   *   -----      |                    { 543.40, 836.10, 1462.70, 2154.20, 3278.70 }
xpln2 4       ----  *  -----|-----------         { 1488.70, 2401.00, 2848.10, 3487.40, 6872.50 }
all 5                    *|                    { 4277.60, 4277.60, 4277.60, 4277.60, 4277.60 }
