The code is running. Please wait.....
 
The mean results over 20 repeated runs:

       Loc+     Risk-    Effort-
-----  -------  -------  ---------
all    1362.15  8.91     41183.6
sway   965.95   5.16     23640.3
xpln   1121.84  6.07     30920
sway2  1393.26  7.035    32633.7
xpln2  1360.6   9.055    39822.9
top    954.415  5.22     23712.8

Table shows the CONJUNCTION of a effect size test and a significance test that compares 20  results to 20 results from some other treatment
 
                Loc+    Risk-    Effort-
--------------  ------  -------  ---------
all to all      =       =        =
all to sway     ≠       ≠        ≠
all to sway2    ≠       ≠        ≠
sway to sway2   =       ≠        ≠
sway to xpln    ≠       ≠        ≠
sway2 to xpln2  ≠       ≠        ≠
sway to top     =       =        =


Scott-Knott for Objective:  Loc+ 

top 1       -- *          |                    { 899.70, 943.90, 960.50, 985.80, 1010.50 }
sway 1        - *-         |                    { 910.40, 956.80, 972.50, 998.60, 1019.10 }
all 2           *         |                    { 1009.00, 1009.00, 1009.00, 1009.00, 1009.00 }
xpln2 2           *         |                    { 998.80, 1004.40, 1009.00, 1010.90, 1015.40 }
xpln 3           *---------|---------------     { 1001.30, 1006.80, 1015.80, 1030.30, 1727.50 }
sway2 4         -- *--      |                    { 940.70, 1005.30, 1036.30, 1070.50, 1101.60 }

Scott-Knott for Objective:  Risk- 

sway2 1       --   *  ---   |                    {   3.60,   4.20,   5.00,   6.00,   6.70 }
sway 1      ---     *  --  |                    {   3.40,   4.20,   5.60,   6.50,   7.10 }
top 1      ---     *  --  |                    {   3.50,   4.20,   5.70,   6.60,   7.10 }
xpln 1       ------- * ----|----                {   3.60,   5.60,   5.90,   6.40,   9.00 }
all 1                 *   |                    {   6.60,   6.60,   6.60,   6.60,   6.60 }
xpln2 1               -  *--|                    {   5.90,   6.30,   6.70,   7.10,   7.70 }

Scott-Knott for Objective:  Effort- 

sway 1    ---  *   --------|--                  { 15946.90, 19353.20, 21503.00, 27310.60, 39968.60 }
top 1    ---  *   --------|-                   { 16098.40, 19445.90, 21587.30, 27292.60, 39796.80 }
sway2 2      -- *  ------   |                    { 17632.80, 20455.40, 21955.80, 26107.50, 33523.20 }
xpln 3         ---   *   --|-----------         { 21867.40, 25347.30, 28872.50, 34754.00, 51040.00 }
xpln2 4             - *-    |                    { 26533.10, 28208.60, 29038.00, 30289.10, 32067.40 }
all 5                *    |                    { 30506.40, 30506.40, 30506.40, 30506.40, 30506.40 }
