The code is running. Please wait.....
 
The mean results over 20 repeated runs:

       LOC+     AEXP-    PLEX-    RISK-    EFFORT-
-----  -------  -------  -------  -------  ---------
all    1266.25  3.75     3.75     8.375    38509.4
sway   970.385  2.935    2.825    5.29     26848.4
xpln   998.77   2.94     3.055    6.68     30564.9
sway2  1204.48  3.605    3.7      7.8      36224
xpln2  1261.51  3.725    3.8      8.49     37631.5
top    945.905  2.99     2.9      5.485    26861.9

Table shows the CONJUNCTION of a effect size test and a significance test that compares 20  results to 20 results from some other treatment
 
                LOC+    AEXP-    PLEX-    RISK-    EFFORT-
--------------  ------  -------  -------  -------  ---------
all to all      =       =        =        =        =
all to sway     ≠       ≠        ≠        ≠        ≠
all to sway2    ≠       ≠        ≠        ≠        ≠
sway to sway2   ≠       ≠        ≠        ≠        ≠
sway to xpln    ≠       ≠        ≠        ≠        ≠
sway2 to xpln2  ≠       ≠        ≠        ≠        ≠
sway to top     =       =        =        =        =


Scott-Knott for Objective:  LOC+ 

Printing temp: [{'name': 'all', 'rank': 0, 'n': 25, 'show': '', 'has': [1013.0, 1013.0, 1013.0, 1013.0, 1013.0, 1013.0, 1013.0, 1013.0, 1013.0, 1013.0, 1013.0, 1013.0, 1013.0, 1013.0, 1013.0, 1013.0, 1013.0, 1013.0, 1013.0, 1013.0, 1013.0, 1013.0, 1013.0, 1013.0, 1013.0]}, {'name': 'sway', 'rank': 0, 'n': 20, 'show': '', 'has': [643.5, 822.1, 841.0, 876.0, 882.1, 884.5, 927.8, 947.4, 974.9, 980.6, 987.1, 994.6, 1002.0, 1011.4, 1015.1, 1016.9, 1054.4, 1088.3, 1192.7, 1265.3]}, {'name': 'xpln', 'rank': 0, 'n': 20, 'show': '', 'has': [744.3, 788.7, 922.7, 988.5, 998.0, 998.8, 1000.0, 1012.9, 1020.4, 1021.4, 1023.4, 1032.7, 1032.7, 1036.0, 1036.0, 1045.8, 1058.0, 1059.4, 1072.2, 1083.5]}, {'name': 'sway2', 'rank': 0, 'n': 25, 'show': '', 'has': [719.7, 788.2, 826.6, 840.3, 855.5, 862.6, 864.7, 868.8, 894.6, 912.6, 940.9, 941.4, 951.2, 952.6, 957.3, 977.1, 1017.0, 1023.9, 1024.0, 1055.8, 1086.8, 1097.2, 1109.8, 1238.4, 1282.6]}, {'name': 'xpln2', 'rank': 0, 'n': 25, 'show': '', 'has': [942.6, 977.4, 979.3, 984.4, 986.2, 987.6, 987.7, 996.7, 1000.1, 1000.5, 1004.8, 1012.4, 1016.3, 1016.9, 1018.7, 1020.8, 1024.3, 1025.0, 1025.6, 1029.9, 1030.5, 1031.9, 1034.6, 1044.6, 1051.4]}, {'name': 'top', 'rank': 0, 'n': 20, 'show': '', 'has': [608.4, 805.7, 807.9, 813.9, 850.9, 860.4, 915.5, 918.4, 940.4, 953.3, 961.0, 972.3, 989.4, 990.6, 999.8, 1014.4, 1019.3, 1065.0, 1182.7, 1248.8]}]
sway2 1             ---     *   -----            { 826.60, 868.80, 951.20, 1023.90, 1109.80 }
top 1            -------  *  -----------       { 807.90, 915.50, 961.00, 999.80, 1182.70 }
sway 2              -----  | * ----------       { 841.00, 927.80, 987.10, 1015.10, 1192.70 }
all 2                     |   *                { 1013.00, 1013.00, 1013.00, 1013.00, 1013.00 }
xpln2 2                     | - *                { 979.30, 996.70, 1016.30, 1025.00, 1034.60 }
xpln 2                   --|-- *--              { 922.70, 1000.00, 1023.40, 1036.00, 1072.20 }

Scott-Knott for Objective:  AEXP- 

Printing temp: [{'name': 'all', 'rank': 0, 'n': 25, 'show': '', 'has': [3.0, 3.0, 3.0, 3.0, 3.0, 3.0, 3.0, 3.0, 3.0, 3.0, 3.0, 3.0, 3.0, 3.0, 3.0, 3.0, 3.0, 3.0, 3.0, 3.0, 3.0, 3.0, 3.0, 3.0, 3.0]}, {'name': 'sway', 'rank': 0, 'n': 20, 'show': '', 'has': [2.5, 2.5, 2.6, 2.6, 2.7, 2.7, 2.8, 2.8, 2.9, 3.0, 3.0, 3.0, 3.0, 3.0, 3.1, 3.2, 3.2, 3.3, 3.4, 3.4]}, {'name': 'xpln', 'rank': 0, 'n': 20, 'show': '', 'has': [2.8, 2.8, 2.8, 2.9, 2.9, 2.9, 2.9, 2.9, 2.9, 3.0, 3.0, 3.0, 3.0, 3.0, 3.0, 3.0, 3.0, 3.0, 3.0, 3.0]}, {'name': 'sway2', 'rank': 0, 'n': 25, 'show': '', 'has': [2.2, 2.4, 2.6, 2.7, 2.7, 2.7, 2.8, 2.8, 2.8, 2.9, 2.9, 2.9, 2.9, 2.9, 2.9, 3.0, 3.0, 3.0, 3.0, 3.0, 3.1, 3.1, 3.2, 3.2, 3.4]}, {'name': 'xpln2', 'rank': 0, 'n': 25, 'show': '', 'has': [2.9, 2.9, 2.9, 2.9, 2.9, 2.9, 2.9, 3.0, 3.0, 3.0, 3.0, 3.0, 3.0, 3.0, 3.0, 3.0, 3.0, 3.0, 3.0, 3.0, 3.0, 3.0, 3.0, 3.1, 3.1]}, {'name': 'top', 'rank': 0, 'n': 20, 'show': '', 'has': [2.5, 2.6, 2.7, 2.7, 2.7, 2.7, 2.8, 2.9, 2.9, 3.0, 3.0, 3.1, 3.1, 3.1, 3.1, 3.3, 3.3, 3.4, 3.4, 3.5]}]
sway2 1             ------  |*  ------           {   2.60,   2.80,   2.90,   3.00,   3.20 }
all 1                     |   *                {   3.00,   3.00,   3.00,   3.00,   3.00 }
sway 1             ------  |   *  ---------     {   2.60,   2.80,   3.00,   3.10,   3.40 }
xpln 1                   --|   *                {   2.80,   2.90,   3.00,   3.00,   3.00 }
xpln2 1                     |---*                {   2.90,   3.00,   3.00,   3.00,   3.00 }
top 1                ---  |   *  ---------     {   2.70,   2.80,   3.00,   3.10,   3.40 }

Scott-Knott for Objective:  PLEX- 

Printing temp: [{'name': 'all', 'rank': 0, 'n': 25, 'show': '', 'has': [3.0, 3.0, 3.0, 3.0, 3.0, 3.0, 3.0, 3.0, 3.0, 3.0, 3.0, 3.0, 3.0, 3.0, 3.0, 3.0, 3.0, 3.0, 3.0, 3.0, 3.0, 3.0, 3.0, 3.0, 3.0]}, {'name': 'sway', 'rank': 0, 'n': 20, 'show': '', 'has': [2.3, 2.3, 2.6, 2.6, 2.6, 2.6, 2.6, 2.8, 2.8, 2.8, 2.9, 2.9, 2.9, 3.0, 3.0, 3.0, 3.1, 3.1, 3.2, 3.4]}, {'name': 'xpln', 'rank': 0, 'n': 20, 'show': '', 'has': [2.8, 2.9, 2.9, 3.0, 3.0, 3.0, 3.0, 3.0, 3.0, 3.0, 3.1, 3.1, 3.1, 3.1, 3.1, 3.1, 3.1, 3.1, 3.2, 3.5]}, {'name': 'sway2', 'rank': 0, 'n': 25, 'show': '', 'has': [2.6, 2.7, 2.7, 2.7, 2.7, 2.8, 2.8, 2.8, 2.8, 2.9, 3.0, 3.0, 3.0, 3.0, 3.0, 3.0, 3.0, 3.0, 3.0, 3.1, 3.2, 3.2, 3.3, 3.3, 3.4]}, {'name': 'xpln2', 'rank': 0, 'n': 25, 'show': '', 'has': [2.9, 2.9, 2.9, 3.0, 3.0, 3.0, 3.0, 3.0, 3.0, 3.0, 3.0, 3.0, 3.1, 3.1, 3.1, 3.1, 3.1, 3.1, 3.1, 3.1, 3.1, 3.1, 3.1, 3.1, 3.1]}, {'name': 'top', 'rank': 0, 'n': 20, 'show': '', 'has': [2.3, 2.4, 2.6, 2.6, 2.7, 2.8, 2.8, 2.9, 2.9, 2.9, 2.9, 3.0, 3.0, 3.0, 3.0, 3.1, 3.1, 3.1, 3.3, 3.6]}]
sway 1                   * |------              {   2.60,   2.60,   2.90,   3.00,   3.20 }
top 1          ------   * |---------           {   2.60,   2.80,   2.90,   3.00,   3.30 }
all 2                     |*                   {   3.00,   3.00,   3.00,   3.00,   3.00 }
sway2 2             ---     |*--------           {   2.70,   2.80,   3.00,   3.00,   3.30 }
xpln 3                   --|   *--              {   2.90,   3.00,   3.10,   3.10,   3.20 }
xpln2 3                   --|   *                {   2.90,   3.00,   3.10,   3.10,   3.10 }

Scott-Knott for Objective:  RISK- 

Printing temp: [{'name': 'all', 'rank': 0, 'n': 25, 'show': '', 'has': [6.7, 6.7, 6.7, 6.7, 6.7, 6.7, 6.7, 6.7, 6.7, 6.7, 6.7, 6.7, 6.7, 6.7, 6.7, 6.7, 6.7, 6.7, 6.7, 6.7, 6.7, 6.7, 6.7, 6.7, 6.7]}, {'name': 'sway', 'rank': 0, 'n': 20, 'show': '', 'has': [1.3, 2.1, 2.4, 3.0, 4.1, 4.2, 4.4, 4.6, 4.8, 5.1, 6.1, 6.2, 6.4, 6.5, 6.6, 6.6, 6.9, 7.5, 8.1, 8.9]}, {'name': 'xpln', 'rank': 0, 'n': 20, 'show': '', 'has': [4.3, 4.7, 4.7, 4.8, 5.3, 5.6, 5.9, 6.0, 6.3, 6.3, 6.4, 6.5, 6.5, 6.8, 6.8, 6.9, 7.4, 7.9, 9.7, 14.8]}, {'name': 'sway2', 'rank': 0, 'n': 25, 'show': '', 'has': [3.1, 3.5, 4.2, 4.3, 4.3, 4.6, 4.7, 4.8, 5.0, 5.3, 6.1, 6.1, 6.1, 6.2, 6.5, 6.5, 6.7, 6.7, 7.2, 7.4, 7.5, 7.7, 9.8, 9.8, 11.9]}, {'name': 'xpln2', 'rank': 0, 'n': 25, 'show': '', 'has': [5.3, 5.8, 5.9, 5.9, 6.0, 6.2, 6.2, 6.2, 6.3, 6.3, 6.3, 6.6, 6.8, 6.8, 7.1, 7.3, 7.3, 7.4, 7.4, 7.4, 7.6, 7.7, 7.8, 8.0, 8.2]}, {'name': 'top', 'rank': 0, 'n': 20, 'show': '', 'has': [1.4, 2.3, 2.4, 3.1, 4.4, 4.4, 4.4, 4.9, 5.1, 5.2, 6.4, 6.4, 6.7, 6.9, 6.9, 7.0, 7.1, 7.4, 8.2, 9.1]}]
sway 1    ------     *-----|                    {   2.40,   4.40,   6.10,   6.60,   8.10 }
sway2 1         --    * ----|----                {   4.20,   4.80,   6.10,   6.70,   9.80 }
top 1    ------      *----|                    {   2.40,   4.40,   6.40,   6.90,   8.20 }
xpln 1           ---  *----|---                 {   4.70,   5.90,   6.40,   6.80,   9.70 }
all 1                 *   |                    {   6.70,   6.70,   6.70,   6.70,   6.70 }
xpln2 1              -  * - |                    {   5.90,   6.20,   6.80,   7.40,   7.80 }

Scott-Knott for Objective:  EFFORT- 

Printing temp: [{'name': 'all', 'rank': 0, 'n': 25, 'show': '', 'has': [30807.5, 30807.5, 30807.5, 30807.5, 30807.5, 30807.5, 30807.5, 30807.5, 30807.5, 30807.5, 30807.5, 30807.5, 30807.5, 30807.5, 30807.5, 30807.5, 30807.5, 30807.5, 30807.5, 30807.5, 30807.5, 30807.5, 30807.5, 30807.5, 30807.5]}, {'name': 'sway', 'rank': 0, 'n': 20, 'show': '', 'has': [10380.7, 12422.5, 14355.9, 14746.6, 18292.2, 18662.5, 21093.9, 21187.6, 22097.4, 22693.9, 27186.0, 28738.2, 28742.6, 29514.5, 29787.4, 32597.8, 36374.8, 40217.2, 53381.5, 54495.5]}, {'name': 'xpln', 'rank': 0, 'n': 20, 'show': '', 'has': [18122.8, 21173.0, 23777.1, 24628.8, 25136.9, 25727.8, 28568.6, 29115.6, 29460.1, 29893.3, 32203.8, 33293.5, 33866.8, 34018.3, 34791.1, 34791.1, 37038.5, 37038.5, 37833.3, 40819.7]}, {'name': 'sway2', 'rank': 0, 'n': 25, 'show': '', 'has': [12820.7, 13865.0, 16820.4, 17453.8, 18123.4, 18232.0, 18474.7, 22784.8, 24447.7, 24498.9, 24815.1, 26250.9, 27269.0, 27900.9, 28053.2, 28629.0, 31414.8, 33785.9, 35313.1, 36744.3, 39455.5, 44245.5, 47431.0, 47681.4, 57969.8]}, {'name': 'xpln2', 'rank': 0, 'n': 25, 'show': '', 'has': [25989.7, 26534.6, 26931.0, 27226.4, 27268.9, 27494.4, 28150.3, 28174.3, 28303.4, 28851.5, 29085.2, 29657.3, 30132.7, 30161.8, 30519.3, 31426.4, 31474.2, 31569.7, 31603.3, 31715.2, 31778.8, 32154.3, 34800.8, 35686.9, 35939.4]}, {'name': 'top', 'rank': 0, 'n': 20, 'show': '', 'has': [10579.9, 12896.5, 14287.3, 14775.1, 18449.2, 18563.5, 20076.7, 21459.9, 22586.1, 23519.2, 27156.0, 27793.3, 29759.4, 29919.1, 30137.3, 31409.7, 34428.8, 41509.0, 53415.5, 54516.2]}]
top 1    -----      * ----|---------------     { 14287.30, 20076.70, 27156.00, 30137.30, 53415.50 }
sway2 1      -----    *    -|----------          { 16820.40, 22784.80, 27269.00, 33785.90, 47431.00 }
sway 1    ------     * ----|---------------     { 14355.90, 21093.90, 27186.00, 29787.40, 53381.50 }
xpln2 2              -  *---|                    { 26931.00, 28174.30, 30132.70, 31569.70, 34800.80 }
all 3                  *  |                    { 30807.50, 30807.50, 30807.50, 30807.50, 30807.50 }
xpln 4            ----   * |--                  { 23777.10, 28568.60, 32203.80, 34791.10, 37833.30 }
