The code is running. Please wait.....
 
The mean results over 20 repeated runs:

       MRE-    ACC+    PRED40+
-----  ------  ------  ---------
all    82.3    5.2     22.1
sway   73.965  7.655   19.435
xpln   73.715  7.655   18.78
sway2  78.185  6.34    20.34
xpln2  83.835  4.74    22.675
top    74.055  7.59    19.335

Table shows the CONJUNCTION of a effect size test and a significance test that compares 20  results to 20 results from some other treatment
 
                MRE-    ACC+    PRED40+
--------------  ------  ------  ---------
all to all      =       =       =
all to sway     =       =       ≠
all to sway2    ≠       ≠       ≠
sway to sway2   ≠       =       ≠
sway to xpln    ≠       ≠       ≠
sway2 to xpln2  ≠       ≠       ≠
sway to top     =       =       =


Scott-Knott for Objective:  MRE- 

Printing temp: [{'name': 'all', 'rank': 0, 'n': 20, 'show': '', 'has': [82.3, 82.3, 82.3, 82.3, 82.3, 82.3, 82.3, 82.3, 82.3, 82.3, 82.3, 82.3, 82.3, 82.3, 82.3, 82.3, 82.3, 82.3, 82.3, 82.3]}, {'name': 'sway', 'rank': 0, 'n': 20, 'show': '', 'has': [73.2, 73.2, 73.3, 73.3, 73.4, 73.5, 73.5, 73.6, 73.7, 73.7, 73.7, 73.8, 73.9, 74.0, 74.0, 74.0, 74.1, 74.3, 76.0, 77.1]}, {'name': 'xpln', 'rank': 0, 'n': 20, 'show': '', 'has': [73.7, 73.7, 73.7, 73.7, 73.7, 73.7, 73.7, 73.7, 73.7, 73.7, 73.7, 73.7, 73.7, 73.7, 73.7, 73.7, 73.7, 73.7, 73.8, 73.9]}, {'name': 'sway2', 'rank': 0, 'n': 20, 'show': '', 'has': [73.2, 73.6, 73.6, 73.6, 73.8, 73.8, 73.8, 73.8, 73.8, 74.0, 74.1, 74.4, 74.7, 77.9, 78.2, 82.2, 87.5, 87.8, 90.0, 99.9]}, {'name': 'xpln2', 'rank': 0, 'n': 20, 'show': '', 'has': [73.7, 73.8, 73.8, 74.6, 79.0, 79.6, 79.6, 80.6, 81.5, 82.3, 82.3, 82.4, 82.4, 82.5, 85.5, 93.0, 94.1, 97.0, 99.2, 99.8]}, {'name': 'top', 'rank': 0, 'n': 20, 'show': '', 'has': [73.3, 73.4, 73.4, 73.4, 73.5, 73.5, 73.6, 73.7, 73.8, 73.8, 73.8, 73.9, 73.9, 74.0, 74.1, 74.1, 74.2, 74.3, 76.2, 77.2]}]
xpln 1  *                  |                    {  73.70,  73.70,  73.70,  73.70,  73.80 }
sway 1  *--                |                    {  73.30,  73.50,  73.70,  74.00,  76.00 }
top 1  *--                |                    {  73.40,  73.60,  73.80,  74.10,  76.20 }
sway2 1  *     -------------|----                {  73.60,  73.80,  74.10,  78.20,  90.00 }
all 2              *      |                    {  82.30,  82.30,  82.30,  82.30,  82.30 }
xpln2 2  --------    *    --|-----------------   {  73.80,  79.60,  82.30,  85.50,  99.20 }

Scott-Knott for Objective:  ACC+ 

Printing temp: [{'name': 'all', 'rank': 0, 'n': 20, 'show': '', 'has': [5.2, 5.2, 5.2, 5.2, 5.2, 5.2, 5.2, 5.2, 5.2, 5.2, 5.2, 5.2, 5.2, 5.2, 5.2, 5.2, 5.2, 5.2, 5.2, 5.2]}, {'name': 'sway', 'rank': 0, 'n': 20, 'show': '', 'has': [6.6, 6.9, 7.4, 7.5, 7.5, 7.5, 7.5, 7.6, 7.6, 7.6, 7.6, 7.6, 7.7, 7.7, 7.7, 7.9, 8.0, 8.2, 8.5, 8.5]}, {'name': 'xpln', 'rank': 0, 'n': 20, 'show': '', 'has': [7.6, 7.6, 7.6, 7.6, 7.6, 7.6, 7.6, 7.6, 7.6, 7.7, 7.7, 7.7, 7.7, 7.7, 7.7, 7.7, 7.7, 7.7, 7.7, 7.7]}, {'name': 'sway2', 'rank': 0, 'n': 20, 'show': '', 'has': [0.0, 2.8, 3.6, 3.8, 5.1, 6.3, 6.6, 7.3, 7.4, 7.4, 7.5, 7.5, 7.5, 7.5, 7.6, 7.6, 7.7, 7.7, 7.7, 8.2]}, {'name': 'xpln2', 'rank': 0, 'n': 20, 'show': '', 'has': [0.1, 0.2, 0.9, 1.7, 2.0, 4.2, 5.1, 5.1, 5.1, 5.2, 5.4, 5.5, 5.6, 5.9, 5.9, 6.2, 7.5, 7.6, 7.8, 7.8]}, {'name': 'top', 'rank': 0, 'n': 20, 'show': '', 'has': [6.5, 6.8, 7.4, 7.4, 7.4, 7.5, 7.5, 7.5, 7.6, 7.6, 7.6, 7.6, 7.6, 7.6, 7.7, 7.9, 7.9, 8.0, 8.3, 8.4]}]
all 1                     |   *                {   5.20,   5.20,   5.20,   5.20,   5.20 }
xpln2 1     ----------------|--- * ---------     {   0.90,   5.10,   5.40,   5.90,   7.80 }
sway2 2                 ----|----------    *     {   3.60,   6.60,   7.50,   7.60,   7.70 }
sway 2                     |             -*---- {   7.40,   7.50,   7.60,   7.70,   8.50 }
top 2                     |             -*---  {   7.40,   7.50,   7.60,   7.70,   8.30 }
xpln 2                     |               *    {   7.60,   7.60,   7.70,   7.70,   7.70 }

Scott-Knott for Objective:  PRED40+ 

Printing temp: [{'name': 'all', 'rank': 0, 'n': 20, 'show': '', 'has': [22.1, 22.1, 22.1, 22.1, 22.1, 22.1, 22.1, 22.1, 22.1, 22.1, 22.1, 22.1, 22.1, 22.1, 22.1, 22.1, 22.1, 22.1, 22.1, 22.1]}, {'name': 'sway', 'rank': 0, 'n': 20, 'show': '', 'has': [16.0, 16.1, 16.8, 17.1, 17.7, 18.3, 18.7, 19.0, 19.1, 19.2, 19.9, 20.5, 20.5, 20.6, 20.9, 21.2, 21.4, 21.7, 21.9, 22.1]}, {'name': 'xpln', 'rank': 0, 'n': 20, 'show': '', 'has': [18.3, 18.5, 18.5, 18.5, 18.5, 18.5, 18.5, 18.5, 18.5, 18.5, 18.9, 18.9, 18.9, 18.9, 18.9, 18.9, 18.9, 18.9, 18.9, 20.7]}, {'name': 'sway2', 'rank': 0, 'n': 20, 'show': '', 'has': [14.3, 16.7, 16.8, 17.7, 17.7, 17.7, 17.9, 18.4, 18.4, 19.5, 19.6, 20.2, 20.6, 20.7, 22.1, 22.2, 22.6, 24.8, 26.6, 32.3]}, {'name': 'xpln2', 'rank': 0, 'n': 20, 'show': '', 'has': [18.1, 18.5, 18.5, 19.1, 19.9, 21.6, 21.6, 21.7, 21.8, 21.8, 21.9, 22.0, 22.1, 22.6, 24.0, 26.1, 27.0, 27.5, 28.6, 29.1]}, {'name': 'top', 'rank': 0, 'n': 20, 'show': '', 'has': [15.9, 16.0, 16.7, 17.0, 17.6, 18.2, 18.7, 18.9, 19.0, 19.0, 19.8, 20.3, 20.4, 20.5, 20.8, 21.1, 21.3, 21.6, 21.8, 22.1]}]
xpln 1           *         |                    {  18.50,  18.50,  18.90,  18.90,  18.90 }
sway2 1      --    *     ---|------              {  16.80,  17.90,  19.60,  22.10,  26.60 }
top 1      ----   * --    |                    {  16.70,  18.70,  19.80,  20.80,  21.80 }
sway 1      ----   * --    |                    {  16.80,  18.70,  19.90,  20.90,  21.90 }
xpln2 2          -------*   |----------          {  18.50,  21.60,  21.90,  24.00,  28.60 }
all 2                  *  |                    {  22.10,  22.10,  22.10,  22.10,  22.10 }
