The code is running. Please wait.....
 
The mean results over 20 repeated runs:

       MRE-    ACC+    PRED40+
-----  ------  ------  ---------
all    92.3    -8.5    17.8
sway   38.945  -1.54   52.85
xpln   42.265  -1.4    49.8
sway2  40      -1.85   52.435
xpln2  90.155  -8.26   19.24
top    39.455  -1.565  52.465

Table shows the CONJUNCTION of a effect size test and a significance test that compares 20  results to 20 results from some other treatment
 
                MRE-    ACC+    PRED40+
--------------  ------  ------  ---------
all to all      =       =       =
all to sway     ≠       ≠       ≠
all to sway2    ≠       ≠       ≠
sway to sway2   ≠       ≠       =
sway to xpln    ≠       ≠       ≠
sway2 to xpln2  =       =       =
sway to top     =       =       =


Scott-Knott for Objective:  MRE- 

xpln 1          *----------|---                 {  36.00,  36.00,  36.00,  36.00,  77.20 }
sway2 1      ---  *    ---  |                    {  22.90,  31.60,  37.60,  52.30,  60.30 }
sway 2  ------    *  ------|-                   {  10.60,  29.00,  41.00,  49.30,  72.00 }
top 3  ------    *  ------|--                  {  10.70,  29.30,  41.50,  49.90,  72.90 }
xpln2 4                     |     -- *----       {  82.00,  89.20,  92.10,  94.30, 103.80 }
all 4                     |        *           {  92.30,  92.30,  92.30,  92.30,  92.30 }

Scott-Knott for Objective:  ACC+ 

all 1              *      |                    {  -8.50,  -8.50,  -8.50,  -8.50,  -8.50 }
xpln2 1         -----*------|                    {  -9.90,  -8.50,  -8.40,  -8.00,  -6.10 }
sway2 2                     |  ------------   *  {  -5.30,  -1.60,  -0.70,  -0.40,  -0.30 }
xpln 2                     |                  * {  -0.50,  -0.50,  -0.50,  -0.50,  -0.50 }
sway 2                     |    ------------- * {  -4.60,  -0.60,  -0.50,  -0.40,  -0.20 }
top 2                     |    ------------- * {  -4.70,  -0.60,  -0.50,  -0.40,  -0.20 }

Scott-Knott for Objective:  PRED40+ 

all 1          *          |                    {  17.80,  17.80,  17.80,  17.80,  17.80 }
xpln2 1       --  *--       |                    {  11.40,  16.90,  19.10,  20.90,  25.40 }
top 2                -----|---   *     ------- {  29.50,  46.40,  51.30,  63.00,  75.90 }
sway 2                -----|---   *     ------- {  30.20,  46.90,  51.70,  63.30,  75.90 }
xpln 2                     |       *            {  53.80,  53.80,  53.80,  53.80,  53.80 }
sway2 2                     |---    *  ----      {  40.60,  45.60,  54.00,  60.40,  68.10 }
