The code is running. Please wait.....
 
The mean results over 20 repeated runs:

       Kloc+    Effort-    Defects-    Months-
-----  -------  ---------  ----------  ---------
all    94       624.4      3761.8      24.2
sway   57.585   259.96     2026.86     18.02
xpln   60.895   248.82     2059.29     18.025
sway2  24.035   115.78     858.885     13.98
xpln2  67.695   353.24     2444.88     19.33
top    66.69    300.705    2344.91     19.495

Table shows the CONJUNCTION of a effect size test and a significance test that compares 20  results to 20 results from some other treatment
 
                Kloc+    Effort-    Defects-    Months-
--------------  -------  ---------  ----------  ---------
all to all      =        =          =           =
all to sway     ≠        ≠          ≠           ≠
all to sway2    ≠        ≠          ≠           ≠
sway to sway2   ≠        ≠          ≠           ≠
sway to xpln    ≠        ≠          ≠           ≠
sway2 to xpln2  ≠        ≠          ≠           ≠
sway to top     ≠        ≠          ≠           ≠


Scott-Knott for Objective:  Kloc+ 

sway2 1     * --------      |                    {  14.60,  17.00,  20.50,  26.20,  61.20 }
sway 1     -    *      ----|-------------       {  18.30,  25.20,  43.50,  69.80, 151.00 }
top 1     --     *      --|------------------- {  21.50,  29.00,  49.70,  80.50, 174.50 }
xpln 2     ------    *   --|------              {  19.70,  46.00,  61.90,  81.20, 121.00 }
xpln2 3         -----   * --|--                  {  36.70,  58.90,  73.20,  80.40, 103.50 }
all 4                     |*                   {  94.00,  94.00,  94.00,  94.00,  94.00 }

Scott-Knott for Objective:  Effort- 

sway2 1   - *------         |                    {  66.70,  83.30, 101.00, 117.60, 295.90 }
sway 1    - * -------------|-------------       {  86.60, 113.30, 130.30, 191.70, 852.60 }
top 1    --*  ------------|------------------- {  97.00, 130.80, 148.00, 219.70, 986.70 }
xpln 1    ---  *   --------|                    {  87.70, 161.30, 197.40, 303.10, 537.80 }
xpln2 2         ---    *----|-                   { 202.70, 295.20, 374.50, 403.00, 556.90 }
all 3                     |    *               { 624.40, 624.40, 624.40, 624.40, 624.40 }

Scott-Knott for Objective:  Defects- 

sway2 1    -* ------        |                    { 524.50, 623.80, 669.50, 1025.00, 1926.70 }
sway 1     -    *        --|-------------       { 690.70, 786.30, 1429.40, 2823.70, 5280.60 }
top 1     -     *         |------------------- { 757.50, 905.80, 1636.30, 3256.00, 6089.50 }
xpln 1     -----   *    ---|------              { 615.40, 1429.40, 1887.20, 2647.90, 4229.00 }
xpln2 2         -----   *  -|---                 { 1333.70, 2080.80, 2536.90, 2919.70, 3761.80 }
all 3                     |   *                { 3761.80, 3761.80, 3761.80, 3761.80, 3761.80 }

Scott-Knott for Objective:  Months- 

sway2 1                -  * |-----               {  11.10,  12.30,  13.60,  15.40,  19.30 }
sway 1                   - |   *   --------     {  13.10,  14.10,  17.60,  20.70,  26.60 }
xpln 1                  ---|-   *  -----        {  12.40,  16.00,  18.50,  20.70,  24.40 }
top 1                    -|     *    --------- {  14.20,  15.20,  18.90,  22.50,  29.00 }
xpln2 2                     | --     *---        {  16.40,  17.90,  21.40,  21.80,  24.20 }
all 3                     |            *       {  24.20,  24.20,  24.20,  24.20,  24.20 }
