The code is running. Please wait.....
 
The mean results over 20 repeated runs:

       Cost-    Completion+    Idle-
-----  -------  -------------  -------
all    888      2.16           0.48
sway   309.6    0.895          0.22
xpln   337.76   0.89           0.205
sway2  702.4    2.115          0.555
xpln2  865.825  2.155          0.565
top    311.385  0.89           0.22

Table shows the CONJUNCTION of a effect size test and a significance test that compares 20  results to 20 results from some other treatment
 
                Cost-    Completion+    Idle-
--------------  -------  -------------  -------
all to all      =        =              =
all to sway     ≠        ≠              ≠
all to sway2    ≠        ≠              ≠
sway to sway2   ≠        =              =
sway to xpln    ≠        ≠              ≠
sway2 to xpln2  ≠        ≠              ≠
sway to top     =        =              =


Scott-Knott for Objective:  Cost- 

Printing temp: [{'name': 'all', 'rank': 0, 'n': 48, 'show': '', 'has': [370.0, 370.0, 370.0, 370.0, 370.0, 370.0, 370.0, 370.0, 370.0, 370.0, 370.0, 370.0, 370.0, 370.0, 370.0, 370.0, 370.0, 370.0, 370.0, 370.0, 370.0, 370.0, 370.0, 370.0, 370.0, 370.0, 370.0, 370.0, 370.0, 370.0, 370.0, 370.0, 370.0, 370.0, 370.0, 370.0, 370.0, 370.0, 370.0, 370.0, 370.0, 370.0, 370.0, 370.0, 370.0, 370.0, 370.0, 370.0]}, {'name': 'sway', 'rank': 0, 'n': 20, 'show': '', 'has': [188.3, 194.0, 218.0, 228.0, 230.0, 235.9, 238.6, 255.5, 284.4, 288.4, 298.3, 309.5, 318.4, 329.8, 380.7, 388.5, 410.4, 428.4, 440.0, 526.9]}, {'name': 'xpln', 'rank': 0, 'n': 20, 'show': '', 'has': [117.1, 154.5, 168.1, 187.6, 368.4, 368.4, 368.4, 369.4, 370.0, 370.0, 370.0, 370.0, 370.0, 370.0, 370.0, 370.0, 370.0, 370.0, 371.5, 581.8]}, {'name': 'sway2', 'rank': 0, 'n': 48, 'show': '', 'has': [143.5, 163.9, 182.4, 199.3, 207.9, 210.9, 211.7, 214.3, 225.9, 227.7, 228.7, 234.5, 235.4, 255.4, 257.7, 257.9, 261.7, 262.3, 271.2, 271.7, 273.6, 287.7, 294.5, 294.9, 299.3, 303.6, 305.5, 310.4, 311.6, 320.7, 325.6, 326.9, 331.9, 335.0, 336.4, 343.6, 346.2, 348.8, 353.9, 355.9, 363.3, 374.1, 376.3, 380.6, 383.8, 396.0, 403.3, 440.6]}, {'name': 'xpln2', 'rank': 0, 'n': 48, 'show': '', 'has': [223.4, 225.5, 269.0, 271.0, 282.9, 298.8, 301.9, 302.6, 304.6, 308.7, 317.2, 317.3, 324.6, 331.8, 340.4, 340.6, 342.4, 348.0, 352.5, 356.0, 362.1, 366.1, 370.5, 372.1, 372.5, 374.0, 376.7, 377.7, 378.7, 381.5, 384.1, 385.2, 387.1, 388.5, 390.7, 404.1, 404.6, 406.4, 408.1, 412.0, 413.9, 415.5, 422.0, 431.4, 439.4, 439.7, 444.6, 448.1]}, {'name': 'top', 'rank': 0, 'n': 20, 'show': '', 'has': [189.4, 194.7, 219.8, 229.9, 230.9, 236.6, 240.0, 256.9, 285.9, 289.7, 298.3, 310.9, 319.4, 331.6, 383.4, 391.7, 413.3, 432.1, 443.3, 529.9]}]
sway2 1        -----   *  --|-                   { 207.90, 257.70, 299.30, 335.00, 380.60 }
sway 1         --     *    | -----              { 218.00, 238.60, 298.30, 380.70, 440.00 }
top 1         --     *    | ------             { 219.80, 240.00, 298.30, 383.40, 443.30 }
all 2                     |*                   { 370.00, 370.00, 370.00, 370.00, 370.00 }
xpln 2     ----------------|*                   { 168.10, 368.40, 370.00, 370.00, 371.50 }
xpln2 2               ----- |* ----              { 282.90, 340.40, 372.50, 388.50, 431.40 }

Scott-Knott for Objective:  Completion+ 

Printing temp: [{'name': 'all', 'rank': 0, 'n': 48, 'show': '', 'has': [0.9, 0.9, 0.9, 0.9, 0.9, 0.9, 0.9, 0.9, 0.9, 0.9, 0.9, 0.9, 0.9, 0.9, 0.9, 0.9, 0.9, 0.9, 0.9, 0.9, 0.9, 0.9, 0.9, 0.9, 0.9, 0.9, 0.9, 0.9, 0.9, 0.9, 0.9, 0.9, 0.9, 0.9, 0.9, 0.9, 0.9, 0.9, 0.9, 0.9, 0.9, 0.9, 0.9, 0.9, 0.9, 0.9, 0.9, 0.9]}, {'name': 'sway', 'rank': 0, 'n': 20, 'show': '', 'has': [0.8, 0.9, 0.9, 0.9, 0.9, 0.9, 0.9, 0.9, 0.9, 0.9, 0.9, 0.9, 0.9, 0.9, 0.9, 0.9, 0.9, 0.9, 0.9, 0.9]}, {'name': 'xpln', 'rank': 0, 'n': 20, 'show': '', 'has': [0.7, 0.8, 0.8, 0.9, 0.9, 0.9, 0.9, 0.9, 0.9, 0.9, 0.9, 0.9, 0.9, 0.9, 0.9, 0.9, 0.9, 0.9, 1.0, 1.0]}, {'name': 'sway2', 'rank': 0, 'n': 48, 'show': '', 'has': [0.8, 0.8, 0.8, 0.8, 0.8, 0.8, 0.8, 0.8, 0.8, 0.9, 0.9, 0.9, 0.9, 0.9, 0.9, 0.9, 0.9, 0.9, 0.9, 0.9, 0.9, 0.9, 0.9, 0.9, 0.9, 0.9, 0.9, 0.9, 0.9, 0.9, 0.9, 0.9, 0.9, 0.9, 0.9, 0.9, 0.9, 0.9, 0.9, 0.9, 0.9, 0.9, 0.9, 0.9, 0.9, 0.9, 0.9, 0.9]}, {'name': 'xpln2', 'rank': 0, 'n': 48, 'show': '', 'has': [0.8, 0.9, 0.9, 0.9, 0.9, 0.9, 0.9, 0.9, 0.9, 0.9, 0.9, 0.9, 0.9, 0.9, 0.9, 0.9, 0.9, 0.9, 0.9, 0.9, 0.9, 0.9, 0.9, 0.9, 0.9, 0.9, 0.9, 0.9, 0.9, 0.9, 0.9, 0.9, 0.9, 0.9, 0.9, 0.9, 0.9, 0.9, 0.9, 0.9, 0.9, 0.9, 0.9, 0.9, 0.9, 0.9, 0.9, 0.9]}, {'name': 'top', 'rank': 0, 'n': 20, 'show': '', 'has': [0.8, 0.8, 0.9, 0.9, 0.9, 0.9, 0.9, 0.9, 0.9, 0.9, 0.9, 0.9, 0.9, 0.9, 0.9, 0.9, 0.9, 0.9, 0.9, 0.9]}]
all 1                     |     *              {   0.90,   0.90,   0.90,   0.90,   0.90 }
sway 1                     |     *              {   0.90,   0.90,   0.90,   0.90,   0.90 }
xpln 1              -------|-----*------------- {   0.80,   0.90,   0.90,   0.90,   1.00 }
sway2 1              -------|-----*              {   0.80,   0.90,   0.90,   0.90,   0.90 }
xpln2 1                     |     *              {   0.90,   0.90,   0.90,   0.90,   0.90 }
top 1                     |     *              {   0.90,   0.90,   0.90,   0.90,   0.90 }

Scott-Knott for Objective:  Idle- 

Printing temp: [{'name': 'all', 'rank': 0, 'n': 48, 'show': '', 'has': [0.2, 0.2, 0.2, 0.2, 0.2, 0.2, 0.2, 0.2, 0.2, 0.2, 0.2, 0.2, 0.2, 0.2, 0.2, 0.2, 0.2, 0.2, 0.2, 0.2, 0.2, 0.2, 0.2, 0.2, 0.2, 0.2, 0.2, 0.2, 0.2, 0.2, 0.2, 0.2, 0.2, 0.2, 0.2, 0.2, 0.2, 0.2, 0.2, 0.2, 0.2, 0.2, 0.2, 0.2, 0.2, 0.2, 0.2, 0.2]}, {'name': 'sway', 'rank': 0, 'n': 20, 'show': '', 'has': [0.2, 0.2, 0.2, 0.2, 0.2, 0.2, 0.2, 0.2, 0.2, 0.2, 0.2, 0.2, 0.2, 0.2, 0.2, 0.2, 0.3, 0.3, 0.3, 0.3]}, {'name': 'xpln', 'rank': 0, 'n': 20, 'show': '', 'has': [0.1, 0.1, 0.2, 0.2, 0.2, 0.2, 0.2, 0.2, 0.2, 0.2, 0.2, 0.2, 0.2, 0.2, 0.2, 0.2, 0.2, 0.2, 0.2, 0.5]}, {'name': 'sway2', 'rank': 0, 'n': 48, 'show': '', 'has': [0.2, 0.2, 0.2, 0.2, 0.2, 0.2, 0.2, 0.2, 0.2, 0.2, 0.2, 0.2, 0.2, 0.2, 0.2, 0.2, 0.2, 0.2, 0.2, 0.2, 0.2, 0.2, 0.2, 0.2, 0.2, 0.2, 0.2, 0.2, 0.2, 0.2, 0.2, 0.2, 0.2, 0.3, 0.3, 0.3, 0.3, 0.3, 0.3, 0.3, 0.3, 0.3, 0.3, 0.3, 0.3, 0.3, 0.3, 0.3]}, {'name': 'xpln2', 'rank': 0, 'n': 48, 'show': '', 'has': [0.2, 0.2, 0.2, 0.2, 0.2, 0.2, 0.2, 0.2, 0.2, 0.2, 0.2, 0.2, 0.2, 0.2, 0.2, 0.2, 0.2, 0.2, 0.2, 0.2, 0.2, 0.2, 0.2, 0.2, 0.2, 0.2, 0.2, 0.2, 0.2, 0.2, 0.2, 0.3, 0.3, 0.3, 0.3, 0.3, 0.3, 0.3, 0.3, 0.3, 0.3, 0.3, 0.3, 0.3, 0.3, 0.3, 0.3, 0.3]}, {'name': 'top', 'rank': 0, 'n': 20, 'show': '', 'has': [0.2, 0.2, 0.2, 0.2, 0.2, 0.2, 0.2, 0.2, 0.2, 0.2, 0.2, 0.2, 0.2, 0.2, 0.2, 0.2, 0.3, 0.3, 0.3, 0.3]}]
all 1           *         |                    {   0.20,   0.20,   0.20,   0.20,   0.20 }
sway 1           *-------- |                    {   0.20,   0.20,   0.20,   0.20,   0.30 }
xpln 1           *         |                    {   0.20,   0.20,   0.20,   0.20,   0.20 }
sway2 1           *         |                    {   0.20,   0.20,   0.20,   0.30,   0.30 }
xpln2 1           *         |                    {   0.20,   0.20,   0.20,   0.30,   0.30 }
top 1           *-------- |                    {   0.20,   0.20,   0.20,   0.20,   0.30 }
