The code is running. Please wait.....
 
The mean results over 20 repeated runs:

       NUMBERITERATIONS-    TIMETOSOLUTION-
-----  -------------------  -----------------
all    30.9                 171.36
sway   9.305                128.59
xpln   13.31                102.92
sway2  6.505                148.262
xpln2  23.885               111.73
top    9.325                65.91

Table shows the CONJUNCTION of a effect size test and a significance test that compares 20  results to 20 results from some other treatment
 
                NUMBERITERATIONS-    TIMETOSOLUTION-
--------------  -------------------  -----------------
all to all      =                    =
all to sway     ≠                    ≠
all to sway2    ≠                    ≠
sway to sway2   ≠                    ≠
sway to xpln    ≠                    ≠
sway2 to xpln2  ≠                    ≠
sway to top     ≠                    ≠


Scott-Knott for Objective:  NUMBERITERATIONS- 

sway2 1  *                  |                    {   4.30,   4.50,   4.70,   5.40,   9.00 }
sway 1  *--                |                    {   4.30,   4.90,   5.30,   6.80,  11.90 }
top 1  *--                |                    {   4.30,   4.90,   5.30,   6.80,  12.00 }
xpln 2   * ---             |                    {   8.00,   8.30,   9.20,  11.30,  16.90 }
xpln2 2    -----   * ------ |                    {  10.60,  20.00,  25.50,  28.50,  38.60 }
all 2               *     |                    {  30.90,  30.90,  30.90,  30.90,  30.90 }

Scott-Knott for Objective:  TIMETOSOLUTION- 

sway2 1  *                  |                    {   148.20,   148.70,   150.40,   153.80,   160.00 }
sway 1  -----      *       |           ----     {   148.60,   148.90,   156.30,   165.20,  165.40 }
top 1         ----  *       |                  {   148.40,   150.50,   154.60,   159.20,  162.50 }
xpln 2   * ---             |                    {   100.20,   102.70,   110.80,   112.70,  120.40 }
xpln2 2 --       *    ---- |                    {  108.90,   112.40,   112.80,   115.20,  118.30 }
all 2                    *     |                {  65.91,  65.91,  65.91,  65.91,  65.91 }
