The code is running. Please wait.....
 
The mean results over 20 repeated runs:

       PSNR-    Energy-
-----  -------  ---------
all    44.5     1658
sway   44.52    1533.56
xpln   44.045   1358.95
sway2  44.915   1190.24
xpln2  44.47    1491.94
top    44.565   1538.9

Table shows the CONJUNCTION of a effect size test and a significance test that compares 20  results to 20 results from some other treatment
 
                PSNR-    Energy-
--------------  -------  ---------
all to all      =        =
all to sway     ≠        ≠
all to sway2    ≠        =
sway to sway2   ≠        ≠
sway to xpln    ≠        ≠
sway2 to xpln2  ≠        ≠
sway to top     =        =


Scott-Knott for Objective:  PSNR- 

Printing temp: [{'name': 'all', 'rank': 0, 'n': 20, 'show': '', 'has': [44.5, 44.5, 44.5, 44.5, 44.5, 44.5, 44.5, 44.5, 44.5, 44.5, 44.5, 44.5, 44.5, 44.5, 44.5, 44.5, 44.5, 44.5, 44.5, 44.5]}, {'name': 'sway', 'rank': 0, 'n': 20, 'show': '', 'has': [42.2, 42.6, 42.7, 42.8, 42.9, 44.1, 44.3, 44.3, 44.4, 44.6, 45.0, 45.1, 45.2, 45.2, 45.4, 45.4, 45.6, 45.8, 46.4, 46.4]}, {'name': 'xpln', 'rank': 0, 'n': 20, 'show': '', 'has': [41.4, 42.3, 43.7, 43.8, 43.8, 43.8, 43.9, 43.9, 43.9, 43.9, 44.0, 44.0, 44.0, 44.0, 44.1, 44.1, 44.2, 45.4, 46.2, 46.5]}, {'name': 'sway2', 'rank': 0, 'n': 20, 'show': '', 'has': [42.2, 43.0, 43.1, 43.4, 43.7, 44.2, 44.2, 44.3, 44.5, 45.0, 45.3, 45.4, 45.7, 45.8, 45.9, 46.2, 46.5, 46.6, 46.6, 46.7]}, {'name': 'xpln2', 'rank': 0, 'n': 20, 'show': '', 'has': [43.0, 43.2, 43.5, 43.7, 43.8, 44.0, 44.0, 44.0, 44.0, 44.1, 44.1, 44.2, 44.3, 44.5, 44.8, 44.8, 46.2, 46.3, 46.4, 46.5]}, {'name': 'top', 'rank': 0, 'n': 20, 'show': '', 'has': [42.2, 42.7, 42.7, 42.9, 43.0, 44.1, 44.3, 44.4, 44.4, 44.7, 45.0, 45.2, 45.2, 45.2, 45.4, 45.4, 45.7, 45.8, 46.5, 46.5]}]
xpln 1                  - *|---------------     {  43.70,  43.90,  44.00,  44.10,  46.20 }
xpln2 1                ---- *    ------------    {  43.50,  44.00,  44.10,  44.80,  46.40 }
all 1                     |  *                 {  44.50,  44.50,  44.50,  44.50,  44.50 }
sway 1          -----------|      *  -------    {  42.70,  44.30,  45.00,  45.40,  46.40 }
top 1          -----------|      *  --------   {  42.70,  44.30,  45.00,  45.40,  46.50 }
sway2 1             --------|        *   ------  {  43.10,  44.20,  45.30,  45.90,  46.60 }

Scott-Knott for Objective:  Energy- 

Printing temp: [{'name': 'all', 'rank': 0, 'n': 20, 'show': '', 'has': [1658.0, 1658.0, 1658.0, 1658.0, 1658.0, 1658.0, 1658.0, 1658.0, 1658.0, 1658.0, 1658.0, 1658.0, 1658.0, 1658.0, 1658.0, 1658.0, 1658.0, 1658.0, 1658.0, 1658.0]}, {'name': 'sway', 'rank': 0, 'n': 20, 'show': '', 'has': [478.4, 549.8, 597.3, 636.3, 679.4, 691.1, 770.7, 822.0, 879.3, 972.3, 1116.8, 1292.9, 1310.2, 1612.5, 1630.5, 1732.1, 1848.8, 3504.0, 3843.9, 5702.9]}, {'name': 'xpln', 'rank': 0, 'n': 20, 'show': '', 'has': [556.1, 756.7, 954.7, 979.1, 981.7, 992.0, 1032.5, 1038.5, 1053.0, 1076.1, 1090.0, 1091.9, 1094.2, 1109.8, 1407.7, 1446.0, 2206.3, 2239.1, 2992.0, 3081.5]}, {'name': 'sway2', 'rank': 0, 'n': 20, 'show': '', 'has': [536.4, 539.1, 690.3, 728.1, 830.7, 916.6, 966.1, 1036.0, 1070.3, 1127.4, 1223.6, 1243.3, 1258.1, 1324.6, 1361.6, 1413.3, 1446.0, 1554.2, 1753.9, 2785.2]}, {'name': 'xpln2', 'rank': 0, 'n': 20, 'show': '', 'has': [544.3, 743.7, 1012.0, 1031.4, 1192.3, 1218.9, 1328.1, 1359.6, 1382.8, 1407.1, 1407.2, 1412.9, 1446.2, 1449.9, 1741.7, 1775.8, 1815.1, 2125.4, 2402.5, 3041.9]}, {'name': 'top', 'rank': 0, 'n': 20, 'show': '', 'has': [480.0, 551.6, 598.2, 639.1, 681.2, 692.7, 772.7, 825.0, 882.6, 974.9, 1120.4, 1293.7, 1314.0, 1617.7, 1637.4, 1738.5, 1856.7, 3515.2, 3856.3, 5730.0]}]
xpln 1    -*  ------------ |                    { 954.70, 1032.50, 1090.00, 1407.70, 2992.00 }
sway 1  -  *   ------------|----                { 597.30, 770.70, 1116.80, 1630.50, 3843.90 }
top 1  -  *   ------------|----                { 598.20, 772.70, 1120.40, 1637.40, 3856.30 }
sway2 1  --  *---           |                    { 690.30, 966.10, 1223.60, 1361.60, 1753.90 }
xpln2 1     -- * -----      |                    { 1012.00, 1328.10, 1407.20, 1741.70, 2402.50 }
all 1         *           |                    { 1658.00, 1658.00, 1658.00, 1658.00, 1658.00 }
